<?xml version="1.0" encoding="UTF-8"?>
<testng-results ignored="0" total="10" passed="10" failed="0" skipped="0">
  <reporter-output>
  </reporter-output>
  <suite started-at="2022-01-03T17:16:15 IST" name="Regression and Smoke Suite" finished-at="2022-01-03T17:17:05 IST" duration-ms="50336">
    <groups>
      <group name="Regression Testing">
        <method signature="TestUsedCars.usedCars()[pri:1, instance:BikesNCars.TestUsedCars@2e570ded]" name="usedCars" class="BikesNCars.TestUsedCars"/>
      </group> <!-- Regression Testing -->
      <group name="Regression Test">
        <method signature="TestNewBikes.search()[pri:1, instance:BikesNCars.TestNewBikes@2235eaab]" name="search" class="BikesNCars.TestNewBikes"/>
        <method signature="TestUpcomingBike.bikesUnder4Lakhs()[pri:4, instance:BikesNCars.TestUpcomingBike@536dbea0]" name="bikesUnder4Lakhs" class="BikesNCars.TestUpcomingBike"/>
        <method signature="TestLoginPage.blankEmailId()[pri:3, instance:BikesNCars.TestLoginPage@35a3d49f]" name="blankEmailId" class="BikesNCars.TestLoginPage"/>
        <method signature="TestLoginPage.invalidEmailId()[pri:2, instance:BikesNCars.TestLoginPage@35a3d49f]" name="invalidEmailId" class="BikesNCars.TestLoginPage"/>
      </group> <!-- Regression Test -->
      <group name="Smoke Test">
        <method signature="TestNewBikes.openBrowser()[pri:0, instance:BikesNCars.TestNewBikes@2235eaab]" name="openBrowser" class="BikesNCars.TestNewBikes"/>
        <method signature="TestLoginPage.openLoginPage()[pri:1, instance:BikesNCars.TestLoginPage@35a3d49f]" name="openLoginPage" class="BikesNCars.TestLoginPage"/>
      </group> <!-- Smoke Test -->
      <group name="upcomingbikes, Smoke Test">
        <method signature="TestUpcomingBike.mouseHover()[pri:1, instance:BikesNCars.TestUpcomingBike@536dbea0]" name="mouseHover" class="BikesNCars.TestUpcomingBike"/>
        <method signature="TestUpcomingBike.selectManufacturer()[pri:2, instance:BikesNCars.TestUpcomingBike@536dbea0]" name="selectManufacturer" class="BikesNCars.TestUpcomingBike"/>
        <method signature="TestUpcomingBike.viewMore()[pri:3, instance:BikesNCars.TestUpcomingBike@536dbea0]" name="viewMore" class="BikesNCars.TestUpcomingBike"/>
      </group> <!-- upcomingbikes, Smoke Test -->
    </groups>
    <test started-at="2022-01-03T17:16:15 IST" name="NewBikesTest" finished-at="2022-01-03T17:16:32 IST" duration-ms="17057">
      <class name="BikesNCars.TestNewBikes">
        <test-method signature="openBrowser()[pri:0, instance:BikesNCars.TestNewBikes@2235eaab]" started-at="2022-01-03T17:16:15 IST" name="openBrowser" finished-at="2022-01-03T17:16:18 IST" duration-ms="3810" status="PASS">
          <reporter-output>
          </reporter-output>
        </test-method> <!-- openBrowser -->
        <test-method signature="search()[pri:1, instance:BikesNCars.TestNewBikes@2235eaab]" started-at="2022-01-03T17:16:18 IST" name="search" finished-at="2022-01-03T17:16:32 IST" duration-ms="13171" status="PASS">
          <reporter-output>
          </reporter-output>
        </test-method> <!-- search -->
      </class> <!-- BikesNCars.TestNewBikes -->
    </test> <!-- NewBikesTest -->
    <test started-at="2022-01-03T17:16:32 IST" name="UpcomingBikesTest" finished-at="2022-01-03T17:16:45 IST" duration-ms="12967">
      <class name="BikesNCars.TestUpcomingBike">
        <test-method signature="mouseHover()[pri:1, instance:BikesNCars.TestUpcomingBike@536dbea0]" started-at="2022-01-03T17:16:32 IST" name="mouseHover" finished-at="2022-01-03T17:16:39 IST" duration-ms="7727" status="PASS">
          <reporter-output>
          </reporter-output>
        </test-method> <!-- mouseHover -->
        <test-method signature="selectManufacturer()[pri:2, instance:BikesNCars.TestUpcomingBike@536dbea0]" started-at="2022-01-03T17:16:39 IST" name="selectManufacturer" finished-at="2022-01-03T17:16:41 IST" duration-ms="1241" status="PASS">
          <reporter-output>
          </reporter-output>
        </test-method> <!-- selectManufacturer -->
        <test-method signature="viewMore()[pri:3, instance:BikesNCars.TestUpcomingBike@536dbea0]" started-at="2022-01-03T17:16:41 IST" name="viewMore" finished-at="2022-01-03T17:16:43 IST" duration-ms="2423" status="PASS">
          <reporter-output>
          </reporter-output>
        </test-method> <!-- viewMore -->
        <test-method signature="bikesUnder4Lakhs()[pri:4, instance:BikesNCars.TestUpcomingBike@536dbea0]" started-at="2022-01-03T17:16:43 IST" name="bikesUnder4Lakhs" finished-at="2022-01-03T17:16:45 IST" depends-on-methods="BikesNCars.TestUpcomingBike.viewMore" duration-ms="1559" status="PASS">
          <reporter-output>
          </reporter-output>
        </test-method> <!-- bikesUnder4Lakhs -->
      </class> <!-- BikesNCars.TestUpcomingBike -->
    </test> <!-- UpcomingBikesTest -->
    <test started-at="2022-01-03T17:16:45 IST" name="UsedCarsTest" finished-at="2022-01-03T17:16:50 IST" duration-ms="4866">
      <class name="BikesNCars.TestUsedCars">
        <test-method signature="usedCars()[pri:1, instance:BikesNCars.TestUsedCars@2e570ded]" started-at="2022-01-03T17:16:45 IST" name="usedCars" finished-at="2022-01-03T17:16:50 IST" duration-ms="4864" status="PASS">
          <reporter-output>
          </reporter-output>
        </test-method> <!-- usedCars -->
      </class> <!-- BikesNCars.TestUsedCars -->
    </test> <!-- UsedCarsTest -->
    <test started-at="2022-01-03T17:16:50 IST" name="LoginPageTest" finished-at="2022-01-03T17:17:05 IST" duration-ms="15328">
      <class name="BikesNCars.TestLoginPage">
        <test-method is-config="true" signature="openBrowser()[pri:0, instance:BikesNCars.TestLoginPage@35a3d49f]" started-at="2022-01-03T17:16:11 IST" name="openBrowser" finished-at="2022-01-03T17:16:15 IST" duration-ms="3903" status="PASS">
          <reporter-output>
          </reporter-output>
        </test-method> <!-- openBrowser -->
        <test-method signature="openLoginPage()[pri:1, instance:BikesNCars.TestLoginPage@35a3d49f]" started-at="2022-01-03T17:16:50 IST" name="openLoginPage" finished-at="2022-01-03T17:16:57 IST" duration-ms="7244" status="PASS">
          <reporter-output>
          </reporter-output>
        </test-method> <!-- openLoginPage -->
        <test-method signature="invalidEmailId()[pri:2, instance:BikesNCars.TestLoginPage@35a3d49f]" started-at="2022-01-03T17:16:57 IST" name="invalidEmailId" finished-at="2022-01-03T17:17:02 IST" duration-ms="4729" status="PASS">
          <reporter-output>
          </reporter-output>
        </test-method> <!-- invalidEmailId -->
        <test-method signature="blankEmailId()[pri:3, instance:BikesNCars.TestLoginPage@35a3d49f]" started-at="2022-01-03T17:17:02 IST" name="blankEmailId" finished-at="2022-01-03T17:17:05 IST" duration-ms="3349" status="PASS">
          <reporter-output>
          </reporter-output>
        </test-method> <!-- blankEmailId -->
        <test-method is-config="true" signature="tearDown()[pri:0, instance:BikesNCars.TestLoginPage@35a3d49f]" started-at="2022-01-03T17:17:05 IST" name="tearDown" finished-at="2022-01-03T17:17:05 IST" depends-on-methods="BikesNCars.TestLoginPage.closeBrowser" duration-ms="336" status="PASS">
          <reporter-output>
          </reporter-output>
        </test-method> <!-- tearDown -->
        <test-method is-config="true" signature="closeBrowser()[pri:0, instance:BikesNCars.TestLoginPage@35a3d49f]" started-at="2022-01-03T17:17:05 IST" name="closeBrowser" finished-at="2022-01-03T17:17:07 IST" duration-ms="1423" status="PASS">
          <reporter-output>
          </reporter-output>
        </test-method> <!-- closeBrowser -->
      </class> <!-- BikesNCars.TestLoginPage -->
      <class name="BikesNCars.TestUsedCars">
        <test-method is-config="true" signature="openBrowser()[pri:0, instance:BikesNCars.TestUsedCars@2e570ded]" started-at="2022-01-03T17:16:09 IST" name="openBrowser" finished-at="2022-01-03T17:16:11 IST" duration-ms="1322" status="PASS">
          <reporter-output>
          </reporter-output>
        </test-method> <!-- openBrowser -->
      </class> <!-- BikesNCars.TestUsedCars -->
      <class name="BikesNCars.TestUpcomingBike">
        <test-method is-config="true" signature="openBrowser()[pri:0, instance:BikesNCars.TestUpcomingBike@536dbea0]" started-at="2022-01-03T17:16:06 IST" name="openBrowser" finished-at="2022-01-03T17:16:09 IST" duration-ms="3548" status="PASS">
          <reporter-output>
          </reporter-output>
        </test-method> <!-- openBrowser -->
      </class> <!-- BikesNCars.TestUpcomingBike -->
    </test> <!-- LoginPageTest -->
  </suite> <!-- Regression and Smoke Suite -->
</testng-results>
