<?xml version="1.0" encoding="UTF-8"?>
<!-- Generated by org.testng.reporters.JUnitXMLReporter -->
<testsuite ignored="0" hostname="LTIN181967" failures="0" tests="3" name="LoginPageTest" time="15.328" errors="0" timestamp="2022-01-03T17:17:05 IST">
  <testcase classname="BikesNCars.TestLoginPage" name="openLoginPage" time="7.244"/>
  <testcase classname="BikesNCars.TestLoginPage" name="invalidEmailId" time="4.729"/>
  <testcase classname="BikesNCars.TestLoginPage" name="blankEmailId" time="3.349"/>
</testsuite> <!-- LoginPageTest -->
