<?xml version="1.0" encoding="UTF-8"?>
<!-- Generated by org.testng.reporters.JUnitXMLReporter -->
<testsuite ignored="0" hostname="LTIN181967" failures="0" tests="4" name="UpcomingBikesTest" time="12.967" errors="0" timestamp="2022-01-03T17:16:45 IST">
  <testcase classname="BikesNCars.TestUpcomingBike" name="mouseHover" time="7.727"/>
  <testcase classname="BikesNCars.TestUpcomingBike" name="selectManufacturer" time="1.241"/>
  <testcase classname="BikesNCars.TestUpcomingBike" name="viewMore" time="2.423"/>
  <testcase classname="BikesNCars.TestUpcomingBike" name="bikesUnder4Lakhs" time="1.559"/>
</testsuite> <!-- UpcomingBikesTest -->
